<?xml version="1.0" encoding="UTF-8" standalone="no"?>
<testsuite failures="0" name="cucumber.runtime.formatter.JUnitFormatter" skipped="1" tests="1" time="0.061698">
    <testcase classname="Is it Friday yet?" name="Sunday isn't Friday" time="0.061698">
        <skipped>
            <![CDATA[Given today is Sunday.......................................................pending
When I ask whether it's Friday yet..........................................skipped
Then I should be told "Nope"................................................skipped
]]>
        </skipped>
    </testcase>
</testsuite>
